<?xml version="1.0" encoding="UTF-8"?>
<testsuite name="SpaceAgeTest" tests="9" skipped="0" failures="0" errors="0" timestamp="2017-05-10T07:24:19" hostname="alex-Lenovo-ideapad-110-15IBR" time="0.082">
  <properties/>
  <testcase name="ageOnSaturn" classname="SpaceAgeTest" time="0.012"/>
  <testcase name="ageOnUranus" classname="SpaceAgeTest" time="0.001"/>
  <testcase name="ageOnJupiter" classname="SpaceAgeTest" time="0.005"/>
  <testcase name="ageInSeconds" classname="SpaceAgeTest" time="0.001"/>
  <testcase name="ageOnMercury" classname="SpaceAgeTest" time="0.001"/>
  <testcase name="ageOnEarth" classname="SpaceAgeTest" time="0.002"/>
  <testcase name="ageOnVenus" classname="SpaceAgeTest" time="0.005"/>
  <testcase name="ageOnMars" classname="SpaceAgeTest" time="0.005"/>
  <testcase name="ageOnNeptune" classname="SpaceAgeTest" time="0.001"/>
  <system-out><![CDATA[]]></system-out>
  <system-err><![CDATA[]]></system-err>
</testsuite>
