<?xml version="1.0" encoding="UTF-8"?>
<testsuite name="GigasecondTest" tests="5" skipped="0" failures="0" errors="0" timestamp="2017-05-08T07:38:17" hostname="alex-Lenovo-ideapad-110-15IBR" time="0.219">
  <properties/>
  <testcase name="withFullTimeSpecified" classname="GigasecondTest" time="0.086"/>
  <testcase name="modernTime" classname="GigasecondTest" time="0.093"/>
  <testcase name="beforeEpochTime" classname="GigasecondTest" time="0.0"/>
  <testcase name="afterEpochTime" classname="GigasecondTest" time="0.0"/>
  <testcase name="withFullTimeSpecifiedAndDayRollover" classname="GigasecondTest" time="0.001"/>
  <system-out><![CDATA[]]></system-out>
  <system-err><![CDATA[]]></system-err>
</testsuite>
